<?xml version="1.0" encoding="UTF-8"?>
<testsuite xmlns:xsi="http://www.w3.org/2001/XMLSchema-instance" xsi:noNamespaceSchemaLocation="https://maven.apache.org/surefire/maven-surefire-plugin/xsd/surefire-test-report.xsd" version="3.0.2" name="com.jocf.sporttrack.SporttrackApplicationTests" time="2.885" tests="1" errors="0" skipped="0" failures="0" flakes="0">
  <properties>
[...]
</properties>
  <testcase name="contextLoads" classname="com.jocf.sporttrack.SporttrackApplicationTests" time="0.266">
    <system-out><![CDATA[15:14:47.134 [main] INFO org.springframework.test.context.support.AnnotationConfigContextLoaderUtils -- Could not detect default configuration classes for test class [com.jocf.sporttrack.SporttrackApplicationTests]: SporttrackApplicationTests does not declare any static, non-private, non-final, nested classes annotated with @Configuration.
15:14:47.194 [main] INFO org.springframework.boot.test.context.SpringBootTestContextBootstrapper -- Found @SpringBootConfiguration com.jocf.sporttrack.SporttrackApplication for test class com.jocf.sporttrack.SporttrackApplicationTests
15:14:47.237 [main] INFO org.springframework.test.context.support.AnnotationConfigContextLoaderUtils -- Could not detect default configuration classes for test class [com.jocf.sporttrack.SporttrackApplicationTests]: SporttrackApplicationTests does not declare any static, non-private, non-final, nested classes annotated with @Configuration.
15:14:47.238 [main] INFO org.springframework.boot.test.context.SpringBootTestContextBootstrapper -- Found @SpringBootConfiguration com.jocf.sporttrack.SporttrackApplication for test class com.jocf.sporttrack.SporttrackApplicationTests
15:14:47.283 [main] INFO org.springframework.boot.devtools.restart.RestartApplicationListener -- Restart disabled due to context in which it is running

  .   ____          _            __ _ _
 /\\ / ___'_ __ _ _(_)_ __  __ _ \ \ \ \
( ( )\___ | '_ | '_| | '_ \/ _` | \ \ \ \
 \\/  ___)| |_)| | | | | || (_| |  ) ) ) )
  '  |____| .__|_| |_|_| |_\__, | / / / /
 =========|_|==============|___/=/_/_/_/

 :: Spring Boot ::                (v4.0.5)

2026-04-07T15:14:47.411+02:00  INFO 36477 --- [           main] c.j.s.SporttrackApplicationTests         : Starting SporttrackApplicationTests using Java 25.0.2 with PID 36477 (started by jbras in /Users/jbras/SportTrack)
2026-04-07T15:14:47.412+02:00  INFO 36477 --- [           main] c.j.s.SporttrackApplicationTests         : No active profile set, falling back to 1 default profile: "default"
2026-04-07T15:14:47.760+02:00  INFO 36477 --- [           main] .s.d.r.c.RepositoryConfigurationDelegate : Bootstrapping Spring Data JPA repositories in DEFAULT mode.
2026-04-07T15:14:47.787+02:00  INFO 36477 --- [           main] .s.d.r.c.RepositoryConfigurationDelegate : Finished Spring Data repository scanning in 22 ms. Found 1 JPA repository interface.
2026-04-07T15:14:48.030+02:00  INFO 36477 --- [           main] org.hibernate.orm.jpa                    : HHH008540: Processing PersistenceUnitInfo [name: default]
2026-04-07T15:14:48.064+02:00  INFO 36477 --- [           main] org.hibernate.orm.core                   : HHH000001: Hibernate ORM core version 7.2.7.Final
2026-04-07T15:14:48.323+02:00  INFO 36477 --- [           main] o.s.o.j.p.SpringPersistenceUnitInfo      : No LoadTimeWeaver setup: ignoring JPA class transformer
2026-04-07T15:14:48.345+02:00  INFO 36477 --- [           main] com.zaxxer.hikari.HikariDataSource       : HikariPool-1 - Starting...
2026-04-07T15:14:48.600+02:00  INFO 36477 --- [           main] com.zaxxer.hikari.pool.HikariPool        : HikariPool-1 - Added connection org.sqlite.jdbc4.JDBC4Connection@6f976c
2026-04-07T15:14:48.601+02:00  INFO 36477 --- [           main] com.zaxxer.hikari.HikariDataSource       : HikariPool-1 - Start completed.
2026-04-07T15:14:48.627+02:00  INFO 36477 --- [           main] org.hibernate.orm.connections.pooling    : HHH10001005: Database info:
	Database JDBC URL [jdbc:sqlite:target/test.db]
	Database driver: SQLite JDBC
	Database dialect: SQLiteDialect
	Database version: 3.51.3
	Default catalog/schema: undefined/undefined
	Autocommit mode: undefined/unknown
	Isolation level: SERIALIZABLE [default SERIALIZABLE]
	JDBC fetch size: none
	Pool: DataSourceConnectionProvider
	Minimum pool size: undefined/unknown
	Maximum pool size: undefined/unknown
2026-04-07T15:14:49.056+02:00  INFO 36477 --- [           main] org.hibernate.orm.core                   : HHH000489: No JTA platform available (set 'hibernate.transaction.jta.platform' to enable JTA platform integration)
2026-04-07T15:14:49.072+02:00  INFO 36477 --- [           main] j.LocalContainerEntityManagerFactoryBean : Initialized JPA EntityManagerFactory for persistence unit 'default'
2026-04-07T15:14:49.119+02:00  INFO 36477 --- [           main] o.s.d.j.r.query.QueryEnhancerFactories   : Hibernate is in classpath; If applicable, HQL parser will be used.
2026-04-07T15:14:49.298+02:00  WARN 36477 --- [           main] JpaBaseConfiguration$JpaWebConfiguration : spring.jpa.open-in-view is enabled by default. Therefore, database queries may be performed during view rendering. Explicitly configure spring.jpa.open-in-view to disable this warning
2026-04-07T15:14:49.355+02:00  INFO 36477 --- [           main] r$InitializeUserDetailsManagerConfigurer : Global AuthenticationManager configured with UserDetailsService bean with name utilisateurService
2026-04-07T15:14:49.531+02:00  WARN 36477 --- [           main] ion$DefaultTemplateResolverConfiguration : Cannot find template location: classpath:/templates/ (please add some templates, check your Thymeleaf configuration, or set spring.thymeleaf.check-template-location=false)
2026-04-07T15:14:49.638+02:00  INFO 36477 --- [           main] c.j.s.SporttrackApplicationTests         : Started SporttrackApplicationTests in 2.361 seconds (process running for 3.006)
]]></system-out>
    <system-err><![CDATA[Mockito is currently self-attaching to enable the inline-mock-maker. This will no longer work in future releases of the JDK. Please add Mockito as an agent to your build as described in Mockito's documentation: https://javadoc.io/doc/org.mockito/mockito-core/latest/org.mockito/org/mockito/Mockito.html#0.3
WARNING: A Java agent has been loaded dynamically (/Users/jbras/SportTrack/.m2repo/net/bytebuddy/byte-buddy-agent/1.17.8/byte-buddy-agent-1.17.8.jar)
WARNING: If a serviceability tool is in use, please run with -XX:+EnableDynamicAgentLoading to hide this warning
WARNING: If a serviceability tool is not in use, please run with -Djdk.instrument.traceUsage for more information
WARNING: Dynamic loading of agents will be disallowed by default in a future release
]]></system-err>
  </testcase>
</testsuite>